[
  {
    "level": "INFO",
    "message": "android.ndkVersion from module build.gradle is 17.2.4988734"
  },
  {
    "level": "INFO",
    "message": "ndk.dir in local.properties is not set"
  },
  {
    "level": "INFO",
    "message": "ANDROID_NDK_HOME environment variable is not set"
  },
  {
    "level": "INFO",
    "message": "sdkFolder is /Users/jfree/Library/Android/sdk"
  },
  {
    "level": "INFO",
    "message": "Considering /Users/jfree/Library/Android/sdk/ndk-bundle in SDK ndk-bundle folder"
  },
  {
    "level": "INFO",
    "message": "Considering /Users/jfree/Library/Android/sdk/ndk/17.2.4988734 in SDK ndk folder"
  },
  {
    "level": "INFO",
    "message": "Found requested NDK version 17.2.4988734 at /Users/jfree/Library/Android/sdk/ndk/17.2.4988734"
  }
]